<?xml version="1.0" encoding="UTF-8"?>
<testsuite name="com.typicode.jsonplaceholder.api.tests.posts.PostsTests" tests="1" skipped="0" failures="0" errors="0" timestamp="2024-12-24T10:05:22" hostname="KH-WRS029" time="3.403">
  <properties/>
  <testcase name="createPostWithValidData()" classname="com.typicode.jsonplaceholder.api.tests.posts.PostsTests" time="3.403"/>
  <system-out><![CDATA[HTTP/1.1 201 Created
Date: Tue, 24 Dec 2024 10:05:25 GMT
Content-Type: application/json; charset=utf-8
Content-Length: 289
Connection: keep-alive
Report-To: {"group":"heroku-nel","max_age":3600,"endpoints":[{"url":"https://nel.heroku.com/reports?ts=1735034725&sid=e11707d5-02a7-43ef-b45e-2cf4d2036f7d&s=cGEoMLp3PdSDIqSDB2nxR4zmDmgwyXmPZ%2FBZP2Xt0VE%3D"}]}
Reporting-Endpoints: heroku-nel=https://nel.heroku.com/reports?ts=1735034725&sid=e11707d5-02a7-43ef-b45e-2cf4d2036f7d&s=cGEoMLp3PdSDIqSDB2nxR4zmDmgwyXmPZ%2FBZP2Xt0VE%3D
Nel: {"report_to":"heroku-nel","max_age":3600,"success_fraction":0.005,"failure_fraction":0.05,"response_headers":["Via"]}
X-Powered-By: Express
X-Ratelimit-Limit: 1000
X-Ratelimit-Remaining: 999
X-Ratelimit-Reset: 1735034747
Vary: Origin, X-HTTP-Method-Override, Accept-Encoding
Access-Control-Allow-Credentials: true
Cache-Control: no-cache
Pragma: no-cache
Expires: -1
Access-Control-Expose-Headers: Location
Location: https://jsonplaceholder.typicode.com/posts/101
X-Content-Type-Options: nosniff
Etag: W/"121-uRXH7A7MfgcVx4D+aIt0a5MjiJI"
Via: 1.1 vegur
cf-cache-status: DYNAMIC
Server: cloudflare
CF-RAY: 8f6fc5d7cd2ec051-WAW
alt-svc: h3=":443"; ma=86400
server-timing: cfL4;desc="?proto=TCP&rtt=78294&min_rtt=78000&rtt_var=22243&sent=10&recv=9&lost=0&retrans=3&sent_bytes=6224&recv_bytes=1095&delivery_rate=18451&cwnd=251&unsent_bytes=0&cid=238d3bb92ef64f24&ts=590&x=0"

{
    "userId": 0,
    "title": "ad minima ut error voluptates consequatur",
    "body": "Ut ex qui et. Laudantium iste maxime quis perspiciatis odit voluptas. Facere incidunt tenetur labore voluptatibus. Sequi eligendi delectus minus. Iusto porro quibusdam officiis consequatur.",
    "id": 101
}
2024-12-24 17:05:25 [Test worker] INFO  com.typicode.jsonplaceholder.api.tests.posts.PostsTests - io.restassured.internal.ValidatableResponseImpl@7d4d65f5
]]></system-out>
  <system-err><![CDATA[]]></system-err>
</testsuite>
